[2m10:59:57 AM[22m [31m[1m[vite][22m[39m [31m[2m(client)[22m[39m [2m[console.error] [22mTypeError: Cannot destructure property 'selectedBranchId' of 'useShellContext(...)' as it is undefined.
    at DashboardPage (http://localhost:5173/src/modules/dashboard/DashboardPage.tsx:22:10)
    at Object.react_stack_bottom_frame (http://localhost:5173/node_modules/.vite/deps/react-dom_client.js?v=ebaeb291:12867:12)
    at renderWithHooks (http://localhost:5173/node_modules/.vite/deps/react-dom_client.js?v=ebaeb291:4212:19)
    at updateFunctionComponent (http://localhost:5173/node_modules/.vite/deps/react-dom_client.js?v=ebaeb291:5568:16)
    at beginWork (http://localhost:5173/node_modules/.vite/deps/react-dom_client.js?v=ebaeb291:6119:628)
    at runWithFiberInDEV (http://localhost:5173/node_modules/.vite/deps/react-dom_client.js?v=ebaeb291:850:66)
    at performUnitOfWork (http://localhost:5173/node_modules/.vite/deps/react-dom_client.js?v=ebaeb291:8428:92)
    at workLoopSync (http://localhost:5173/node_modules/.vite/deps/react-dom_client.js?v=ebaeb291:8324:37)
    at renderRootSync (http://localhost:5173/node_modules/.vite/deps/react-dom_client.js?v=ebaeb291:8308:6)
    at performWorkOnRoot (http://localhost:5173/node_modules/.vite/deps/react-dom_client.js?v=ebaeb291:7993:27)

The above error occurred in the <DashboardPage> component.

React will try to recreate this component tree from scratch using the error boundary you provided, ErrorBoundary.

[2m10:59:57 AM[22m [31m[1m[vite][22m[39m [31m[2m(client)[22m[39m [2m[console.error] [22mUnhandled Ecosys ServiceOps error TypeError: Cannot destructure property 'selectedBranchId' of 'useShellContext(...)' as it is undefined.
    at DashboardPage (http://localhost:5173/src/modules/dashboard/DashboardPage.tsx:22:10)
    at Object.react_stack_bottom_frame (http://localhost:5173/node_modules/.vite/deps/react-dom_client.js?v=ebaeb291:12867:12)
    at renderWithHooks (http://localhost:5173/node_modules/.vite/deps/react-dom_client.js?v=ebaeb291:4212:19)
    at updateFunctionComponent (http://localhost:5173/node_modules/.vite/deps/react-dom_client.js?v=ebaeb291:5568:16)
    at beginWork (http://localhost:5173/node_modules/.vite/deps/react-dom_client.js?v=ebaeb291:6119:628)
    at runWithFiberInDEV (http://localhost:5173/node_modules/.vite/deps/react-dom_client.js?v=ebaeb291:850:66)
    at performUnitOfWork (http://localhost:5173/node_modules/.vite/deps/react-dom_client.js?v=ebaeb291:8428:92)
    at workLoopSync (http://localhost:5173/node_modules/.vite/deps/react-dom_client.js?v=ebaeb291:8324:37)
    at renderRootSync (http://localhost:5173/node_modules/.vite/deps/react-dom_client.js?v=ebaeb291:8308:6)
    at performWorkOnRoot (http://localhost:5173/node_modules/.vite/deps/react-dom_client.js?v=ebaeb291:7993:27) {"componentStack":"\n    at DashboardPage (http://localhost:5173/src/modules/dashboard/DashboardPage.tsx:22:31)\n    at RenderedRoute (http://localhost:5173/node_modules/.vite/deps/react-router-dom.js?v=7b6b1cb1:4011:26)\n    at Outlet (http://localhost:5173/node_modules/.vite/deps/react-router-dom.js?v=7b6b1cb1:4589:25)\n    at TenantOnlyRoute (http://localhost:5173/src/App.tsx:236:31)\n    at RenderedRoute (http://localhost:5173/node_modules/.vite/deps/react-router-dom.js?v=7b6b1cb1:4011:26)\n    at Outlet (http://localhost:5173/node_modules/.vite/deps/react-router-dom.js?v=7b6b1cb1:4589:25)\n    at main (<anonymous>)\n    at div (<anonymous>)\n    at div (<anonymous>)\n    at AppShell (http://localhost:5173/src/components/layout/AppShell.tsx:11:28)\n    at AuthenticatedShell (http://localhost:5173/src/App.tsx:368:31)\n    at RenderedRoute (http://localhost:5173/node_modules/.vite/deps/react-router-dom.js?v=7b6b1cb1:4011:26)\n    at Outlet (http://localhost:5173/node_modules/.vite/deps/react-router-dom.js?v=7b6b1cb1:4589:25)\n    at ErrorBoundary (http://localhost:5173/src/components/ErrorBoundary.tsx:6:8)\n    at AuthenticatedRouteBoundary (<anonymous>)\n    at RenderedRoute (http://localhost:5173/node_modules/.vite/deps/react-router-dom.js?v=7b6b1cb1:4011:26)\n    at Outlet (http://localhost:5173/node_modules/.vite/deps/react-router-dom.js?v=7b6b1cb1:4589:25)\n    at RequireAuth (http://localhost:5173/src/auth/RequireAuth.tsx:8:31)\n    at RenderedRoute (http://localhost:5173/node_modules/.vite/deps/react-router-dom.js?v=7b6b1cb1:4011:26)\n    at Routes (http://localhost:5173/node_modules/.vite/deps/react-router-dom.js?v=7b6b1cb1:4642:19)\n    at Suspense (<anonymous>)\n    at AppRoutes (<anonymous>)\n    at Router (http://localhost:5173/node_modules/.vite/deps/react-router-dom.js?v=7b6b1cb1:4594:29)\n    at BrowserRouter (http://localhost:5173/node_modules/.vite/deps/react-router-dom.js?v=7b6b1cb1:7019:26)\n    at AuthProvider (http://localhost:5173/src/auth/AuthContext.tsx:85:32)\n    at ToastProvider (http://localhost:5173/src/components/ui/ToastProvider.tsx:9:33)\n    at ThemeProvider (http://localhost:5173/src/context/ThemeContext.tsx:16:33)\n    at App (<anonymous>)"}
[2m11:13:15 AM[22m [31m[1m[vite][22m[39m [31m[2m(client)[22m[39m [2m[console.error] [22mReact has detected a change in the order of Hooks called by ClientsPage. This will lead to bugs and errors if not fixed. For more information, read the Rules of Hooks: https://react.dev/link/rules-of-hooks

   Previous render            Next render
   ------------------------------------------------------
1. useContext                 useContext
2. useState                   useState
3. useState                   useState
4. useState                   useState
5. useState                   useState
6. useState                   useState
7. useState                   useState
8. useCallback                useState
   ^^^^^^^^^^^^^^^^^^^^^^^^^^^^^^^^^^^^^^^^^^^^^^^^^^^^^^

[2m11:13:15 AM[22m [31m[1m[vite][22m[39m [31m[2m(client)[22m[39m [2m[console.error] [22mError: Should have a queue. You are likely calling Hooks conditionally, which is not allowed. (https://react.dev/link/invalid-hook-call)
    at updateReducerImpl (http://localhost:5173/node_modules/.vite/deps/react-dom_client.js?v=ebaeb291:4421:30)
    at updateReducer (http://localhost:5173/node_modules/.vite/deps/react-dom_client.js?v=ebaeb291:4417:11)
    at Object.useState (http://localhost:5173/node_modules/.vite/deps/react-dom_client.js?v=ebaeb291:13302:13)
    at exports.useState (http://localhost:5173/node_modules/.vite/deps/react-BDWiK9rz.js?v=1f9fc9a2:779:31)
    at useAsyncData (http://localhost:5173/src/hooks/useAsyncData.ts?t=1777709594673:6:28)
    at ClientsPage (http://localhost:5173/src/modules/clients/ClientsPage.tsx?t=1777709594673:31:43)
    at Object.react_stack_bottom_frame (http://localhost:5173/node_modules/.vite/deps/react-dom_client.js?v=ebaeb291:12867:12)
    at renderWithHooks (http://localhost:5173/node_modules/.vite/deps/react-dom_client.js?v=ebaeb291:4212:19)
    at updateFunctionComponent (http://localhost:5173/node_modules/.vite/deps/react-dom_client.js?v=ebaeb291:5568:16)
    at beginWork (http://localhost:5173/node_modules/.vite/deps/react-dom_client.js?v=ebaeb291:6139:20)

The above error occurred in the <ClientsPage> component.

React will try to recreate this component tree from scratch using the error boundary you provided, ErrorBoundary.

[2m11:13:15 AM[22m [31m[1m[vite][22m[39m [31m[2m(client)[22m[39m [2m[console.error] [22mUnhandled Ecosys ServiceOps error Error: Should have a queue. You are likely calling Hooks conditionally, which is not allowed. (https://react.dev/link/invalid-hook-call)
    at updateReducerImpl (http://localhost:5173/node_modules/.vite/deps/react-dom_client.js?v=ebaeb291:4421:30)
    at updateReducer (http://localhost:5173/node_modules/.vite/deps/react-dom_client.js?v=ebaeb291:4417:11)
    at Object.useState (http://localhost:5173/node_modules/.vite/deps/react-dom_client.js?v=ebaeb291:13302:13)
    at exports.useState (http://localhost:5173/node_modules/.vite/deps/react-BDWiK9rz.js?v=1f9fc9a2:779:31)
    at useAsyncData (http://localhost:5173/src/hooks/useAsyncData.ts?t=1777709594673:6:28)
    at ClientsPage (http://localhost:5173/src/modules/clients/ClientsPage.tsx?t=1777709594673:31:43)
    at Object.react_stack_bottom_frame (http://localhost:5173/node_modules/.vite/deps/react-dom_client.js?v=ebaeb291:12867:12)
    at renderWithHooks (http://localhost:5173/node_modules/.vite/deps/react-dom_client.js?v=ebaeb291:4212:19)
    at updateFunctionComponent (http://localhost:5173/node_modules/.vite/deps/react-dom_client.js?v=ebaeb291:5568:16)
    at beginWork (http://localhost:5173/node_modules/.vite/deps/react-dom_client.js?v=ebaeb291:6139:20) {"componentStack":"\n    at ClientsPage (http://localhost:5173/src/modules/clients/ClientsPage.tsx?t=1777709594673:17:24)\n    at RenderedRoute (http://localhost:5173/node_modules/.vite/deps/react-router-dom.js?v=7b6b1cb1:4011:26)\n    at Outlet (http://localhost:5173/node_modules/.vite/deps/react-router-dom.js?v=7b6b1cb1:4589:25)\n    at TenantOnlyRoute (http://localhost:5173/src/App.tsx?t=1777708877541:236:31)\n    at RenderedRoute (http://localhost:5173/node_modules/.vite/deps/react-router-dom.js?v=7b6b1cb1:4011:26)\n    at Outlet (http://localhost:5173/node_modules/.vite/deps/react-router-dom.js?v=7b6b1cb1:4589:25)\n    at main (<anonymous>)\n    at div (<anonymous>)\n    at div (<anonymous>)\n    at AppShell (http://localhost:5173/src/components/layout/AppShell.tsx?t=1777708877541:11:28)\n    at AuthenticatedShell (http://localhost:5173/src/App.tsx?t=1777708877541:371:31)\n    at RenderedRoute (http://localhost:5173/node_modules/.vite/deps/react-router-dom.js?v=7b6b1cb1:4011:26)\n    at Outlet (http://localhost:5173/node_modules/.vite/deps/react-router-dom.js?v=7b6b1cb1:4589:25)\n    at ErrorBoundary (http://localhost:5173/src/components/ErrorBoundary.tsx:6:8)\n    at AuthenticatedRouteBoundary (<anonymous>)\n    at RenderedRoute (http://localhost:5173/node_modules/.vite/deps/react-router-dom.js?v=7b6b1cb1:4011:26)\n    at Outlet (http://localhost:5173/node_modules/.vite/deps/react-router-dom.js?v=7b6b1cb1:4589:25)\n    at RequireAuth (http://localhost:5173/src/auth/RequireAuth.tsx:8:31)\n    at RenderedRoute (http://localhost:5173/node_modules/.vite/deps/react-router-dom.js?v=7b6b1cb1:4011:26)\n    at Routes (http://localhost:5173/node_modules/.vite/deps/react-router-dom.js?v=7b6b1cb1:4642:19)\n    at Suspense (<anonymous>)\n    at AppRoutes (<anonymous>)\n    at Router (http://localhost:5173/node_modules/.vite/deps/react-router-dom.js?v=7b6b1cb1:4594:29)\n    at BrowserRouter (http://localhost:5173/node_modules/.vite/deps/react-router-dom.js?v=7b6b1cb1:7019:26)\n    at AuthProvider (http://localhost:5173/src/auth/AuthContext.tsx:85:32)\n    at ToastProvider (http://localhost:5173/src/components/ui/ToastProvider.tsx:9:33)\n    at ThemeProvider (http://localhost:5173/src/context/ThemeContext.tsx:16:33)\n    at App (<anonymous>)"}
[2m11:13:41 AM[22m [31m[1m[vite][22m[39m [31m[2m(client)[22m[39m [2m[console.error] [22mTypeError: Component is not a function
    at Object.react_stack_bottom_frame (http://localhost:5173/node_modules/.vite/deps/react-dom_client.js?v=ebaeb291:12867:12)
    at renderWithHooks (http://localhost:5173/node_modules/.vite/deps/react-dom_client.js?v=ebaeb291:4212:19)
    at updateFunctionComponent (http://localhost:5173/node_modules/.vite/deps/react-dom_client.js?v=ebaeb291:5568:16)
    at beginWork (http://localhost:5173/node_modules/.vite/deps/react-dom_client.js?v=ebaeb291:6139:20)
    at runWithFiberInDEV (http://localhost:5173/node_modules/.vite/deps/react-dom_client.js?v=ebaeb291:850:66)
    at performUnitOfWork (http://localhost:5173/node_modules/.vite/deps/react-dom_client.js?v=ebaeb291:8428:92)
    at workLoopSync (http://localhost:5173/node_modules/.vite/deps/react-dom_client.js?v=ebaeb291:8324:37)
    at renderRootSync (http://localhost:5173/node_modules/.vite/deps/react-dom_client.js?v=ebaeb291:8308:6)
    at performWorkOnRoot (http://localhost:5173/node_modules/.vite/deps/react-dom_client.js?v=ebaeb291:7993:27)
    at performSyncWorkOnRoot (http://localhost:5173/node_modules/.vite/deps/react-dom_client.js?v=ebaeb291:9066:4)

The above error occurred in one of your React components.

React will try to recreate this component tree from scratch using the error boundary you provided, ErrorBoundary.

[2m11:13:41 AM[22m [31m[1m[vite][22m[39m [31m[2m(client)[22m[39m [2m[console.error] [22mUnhandled Ecosys ServiceOps error TypeError: Component is not a function
    at Object.react_stack_bottom_frame (http://localhost:5173/node_modules/.vite/deps/react-dom_client.js?v=ebaeb291:12867:12)
    at renderWithHooks (http://localhost:5173/node_modules/.vite/deps/react-dom_client.js?v=ebaeb291:4212:19)
    at updateFunctionComponent (http://localhost:5173/node_modules/.vite/deps/react-dom_client.js?v=ebaeb291:5568:16)
    at beginWork (http://localhost:5173/node_modules/.vite/deps/react-dom_client.js?v=ebaeb291:6139:20)
    at runWithFiberInDEV (http://localhost:5173/node_modules/.vite/deps/react-dom_client.js?v=ebaeb291:850:66)
    at performUnitOfWork (http://localhost:5173/node_modules/.vite/deps/react-dom_client.js?v=ebaeb291:8428:92)
    at workLoopSync (http://localhost:5173/node_modules/.vite/deps/react-dom_client.js?v=ebaeb291:8324:37)
    at renderRootSync (http://localhost:5173/node_modules/.vite/deps/react-dom_client.js?v=ebaeb291:8308:6)
    at performWorkOnRoot (http://localhost:5173/node_modules/.vite/deps/react-dom_client.js?v=ebaeb291:7993:27)
    at performSyncWorkOnRoot (http://localhost:5173/node_modules/.vite/deps/react-dom_client.js?v=ebaeb291:9066:4) {"componentStack":"\n    at div (<anonymous>)\n    at AppShell (http://localhost:5173/src/components/layout/AppShell.tsx?t=1777709601985:11:28)\n    at AuthenticatedShell (http://localhost:5173/src/App.tsx?t=1777709601985:371:31)\n    at RenderedRoute (http://localhost:5173/node_modules/.vite/deps/react-router-dom.js?v=7b6b1cb1:4011:26)\n    at Outlet (http://localhost:5173/node_modules/.vite/deps/react-router-dom.js?v=7b6b1cb1:4589:25)\n    at ErrorBoundary (http://localhost:5173/src/components/ErrorBoundary.tsx:6:8)\n    at AuthenticatedRouteBoundary (<anonymous>)\n    at RenderedRoute (http://localhost:5173/node_modules/.vite/deps/react-router-dom.js?v=7b6b1cb1:4011:26)\n    at Outlet (http://localhost:5173/node_modules/.vite/deps/react-router-dom.js?v=7b6b1cb1:4589:25)\n    at RequireAuth (http://localhost:5173/src/auth/RequireAuth.tsx:8:31)\n    at RenderedRoute (http://localhost:5173/node_modules/.vite/deps/react-router-dom.js?v=7b6b1cb1:4011:26)\n    at Routes (http://localhost:5173/node_modules/.vite/deps/react-router-dom.js?v=7b6b1cb1:4642:19)\n    at Suspense (<anonymous>)\n    at AppRoutes (<anonymous>)\n    at Router (http://localhost:5173/node_modules/.vite/deps/react-router-dom.js?v=7b6b1cb1:4594:29)\n    at BrowserRouter (http://localhost:5173/node_modules/.vite/deps/react-router-dom.js?v=7b6b1cb1:7019:26)\n    at AuthProvider (http://localhost:5173/src/auth/AuthContext.tsx:85:32)\n    at ToastProvider (http://localhost:5173/src/components/ui/ToastProvider.tsx:9:33)\n    at ThemeProvider (http://localhost:5173/src/context/ThemeContext.tsx?t=1777709601985:16:33)\n    at App (<anonymous>)"}
[2m11:14:07 AM[22m [31m[1m[vite][22m[39m [31m[2m(client)[22m[39m [2m[console.error] [22mTypeError: Component is not a function
    at Object.react_stack_bottom_frame (http://localhost:5173/node_modules/.vite/deps/react-dom_client.js?v=ebaeb291:12867:12)
    at renderWithHooks (http://localhost:5173/node_modules/.vite/deps/react-dom_client.js?v=ebaeb291:4212:19)
    at updateFunctionComponent (http://localhost:5173/node_modules/.vite/deps/react-dom_client.js?v=ebaeb291:5568:16)
    at beginWork (http://localhost:5173/node_modules/.vite/deps/react-dom_client.js?v=ebaeb291:6139:20)
    at runWithFiberInDEV (http://localhost:5173/node_modules/.vite/deps/react-dom_client.js?v=ebaeb291:850:66)
    at performUnitOfWork (http://localhost:5173/node_modules/.vite/deps/react-dom_client.js?v=ebaeb291:8428:92)
    at workLoopSync (http://localhost:5173/node_modules/.vite/deps/react-dom_client.js?v=ebaeb291:8324:37)
    at renderRootSync (http://localhost:5173/node_modules/.vite/deps/react-dom_client.js?v=ebaeb291:8308:6)
    at performWorkOnRoot (http://localhost:5173/node_modules/.vite/deps/react-dom_client.js?v=ebaeb291:7993:27)
    at performSyncWorkOnRoot (http://localhost:5173/node_modules/.vite/deps/react-dom_client.js?v=ebaeb291:9066:4)

The above error occurred in one of your React components.

React will try to recreate this component tree from scratch using the error boundary you provided, ErrorBoundary.

[2m11:14:07 AM[22m [31m[1m[vite][22m[39m [31m[2m(client)[22m[39m [2m[console.error] [22mUnhandled Ecosys ServiceOps error TypeError: Component is not a function
    at Object.react_stack_bottom_frame (http://localhost:5173/node_modules/.vite/deps/react-dom_client.js?v=ebaeb291:12867:12)
    at renderWithHooks (http://localhost:5173/node_modules/.vite/deps/react-dom_client.js?v=ebaeb291:4212:19)
    at updateFunctionComponent (http://localhost:5173/node_modules/.vite/deps/react-dom_client.js?v=ebaeb291:5568:16)
    at beginWork (http://localhost:5173/node_modules/.vite/deps/react-dom_client.js?v=ebaeb291:6139:20)
    at runWithFiberInDEV (http://localhost:5173/node_modules/.vite/deps/react-dom_client.js?v=ebaeb291:850:66)
    at performUnitOfWork (http://localhost:5173/node_modules/.vite/deps/react-dom_client.js?v=ebaeb291:8428:92)
    at workLoopSync (http://localhost:5173/node_modules/.vite/deps/react-dom_client.js?v=ebaeb291:8324:37)
    at renderRootSync (http://localhost:5173/node_modules/.vite/deps/react-dom_client.js?v=ebaeb291:8308:6)
    at performWorkOnRoot (http://localhost:5173/node_modules/.vite/deps/react-dom_client.js?v=ebaeb291:7993:27)
    at performSyncWorkOnRoot (http://localhost:5173/node_modules/.vite/deps/react-dom_client.js?v=ebaeb291:9066:4) {"componentStack":"\n    at div (<anonymous>)\n    at AppShell (http://localhost:5173/src/components/layout/AppShell.tsx?t=1777709601985:11:28)\n    at AuthenticatedShell (http://localhost:5173/src/App.tsx?t=1777709601985:371:31)\n    at RenderedRoute (http://localhost:5173/node_modules/.vite/deps/react-router-dom.js?v=7b6b1cb1:4011:26)\n    at Outlet (http://localhost:5173/node_modules/.vite/deps/react-router-dom.js?v=7b6b1cb1:4589:25)\n    at ErrorBoundary (http://localhost:5173/src/components/ErrorBoundary.tsx:6:8)\n    at AuthenticatedRouteBoundary (<anonymous>)\n    at RenderedRoute (http://localhost:5173/node_modules/.vite/deps/react-router-dom.js?v=7b6b1cb1:4011:26)\n    at Outlet (http://localhost:5173/node_modules/.vite/deps/react-router-dom.js?v=7b6b1cb1:4589:25)\n    at RequireAuth (http://localhost:5173/src/auth/RequireAuth.tsx:8:31)\n    at RenderedRoute (http://localhost:5173/node_modules/.vite/deps/react-router-dom.js?v=7b6b1cb1:4011:26)\n    at Routes (http://localhost:5173/node_modules/.vite/deps/react-router-dom.js?v=7b6b1cb1:4642:19)\n    at Suspense (<anonymous>)\n    at AppRoutes (<anonymous>)\n    at Router (http://localhost:5173/node_modules/.vite/deps/react-router-dom.js?v=7b6b1cb1:4594:29)\n    at BrowserRouter (http://localhost:5173/node_modules/.vite/deps/react-router-dom.js?v=7b6b1cb1:7019:26)\n    at AuthProvider (http://localhost:5173/src/auth/AuthContext.tsx:85:32)\n    at ToastProvider (http://localhost:5173/src/components/ui/ToastProvider.tsx:9:33)\n    at ThemeProvider (http://localhost:5173/src/context/ThemeContext.tsx?t=1777709601985:16:33)\n    at App (<anonymous>)"}
[2m11:19:44 AM[22m [31m[1m[vite][22m[39m [31m[2m(client)[22m[39m [31m[Unhandled error] [1mTypeError[22m: Cannot read properties of undefined (reading 'toLowerCase')
[39m > handleKeyDown src/components/layout/AppShell.tsx:68:41
    66 |        }
    67 |  
    68 |        if (mode === 'tenant' && event.key.toLowerCase() === KEYBOARD_SHORTCUTS.newWorkOrder && !event.metaKey && !even...
       |                                           ^
    69 |          const target = event.target as HTMLElement | null
    70 |          if (target?.tagName === 'INPUT' || target?.tagName === 'TEXTAREA') {

[2m11:19:44 AM[22m [31m[1m[vite][22m[39m [31m[2m(client)[22m[39m [31m[Unhandled error] [1mTypeError[22m: Cannot read properties of undefined (reading 'toLowerCase')
[39m > handleKeyDown src/components/layout/AppShell.tsx:68:41
    66 |        }
    67 |  
    68 |        if (mode === 'tenant' && event.key.toLowerCase() === KEYBOARD_SHORTCUTS.newWorkOrder && !event.metaKey && !even...
       |                                           ^
    69 |          const target = event.target as HTMLElement | null
    70 |          if (target?.tagName === 'INPUT' || target?.tagName === 'TEXTAREA') {

[2m11:24:15 AM[22m [31m[1m[vite][22m[39m [31m[2m(client)[22m[39m [31m[Unhandled error] [1mTypeError[22m: Cannot read properties of undefined (reading 'toLowerCase')
[39m > handleKeyDown src/components/layout/AppShell.tsx:68:41
    66 |        }
    67 |  
    68 |        if (mode === 'tenant' && event.key.toLowerCase() === KEYBOARD_SHORTCUTS.newWorkOrder && !event.metaKey && !even...
       |                                           ^
    69 |          const target = event.target as HTMLElement | null
    70 |          if (target?.tagName === 'INPUT' || target?.tagName === 'TEXTAREA') {

[2m11:24:15 AM[22m [31m[1m[vite][22m[39m [31m[2m(client)[22m[39m [31m[Unhandled error] [1mTypeError[22m: Cannot read properties of undefined (reading 'toLowerCase')
[39m > handleKeyDown src/components/layout/AppShell.tsx:68:41
    66 |        }
    67 |  
    68 |        if (mode === 'tenant' && event.key.toLowerCase() === KEYBOARD_SHORTCUTS.newWorkOrder && !event.metaKey && !even...
       |                                           ^
    69 |          const target = event.target as HTMLElement | null
    70 |          if (target?.tagName === 'INPUT' || target?.tagName === 'TEXTAREA') {

[2m11:40:23 AM[22m [31m[1m[vite][22m[39m [31m[2m(client)[22m[39m [2m[console.error] [22mReact has detected a change in the order of Hooks called by TemplatesPage. This will lead to bugs and errors if not fixed. For more information, read the Rules of Hooks: https://react.dev/link/rules-of-hooks

   Previous render            Next render
   ------------------------------------------------------
1. useContext                 useContext
2. useState                   useState
3. useState                   useState
4. useState                   useState
5. useState                   useState
6. useState                   useState
7. useState                   useState
8. useRef                     useState
   ^^^^^^^^^^^^^^^^^^^^^^^^^^^^^^^^^^^^^^^^^^^^^^^^^^^^^^

[2m11:40:23 AM[22m [31m[1m[vite][22m[39m [31m[2m(client)[22m[39m [2m[console.error] [22mError: Should have a queue. You are likely calling Hooks conditionally, which is not allowed. (https://react.dev/link/invalid-hook-call)
    at updateReducerImpl (http://localhost:5173/node_modules/.vite/deps/react-dom_client.js?v=ebaeb291:4421:30)
    at updateReducer (http://localhost:5173/node_modules/.vite/deps/react-dom_client.js?v=ebaeb291:4417:11)
    at Object.useState (http://localhost:5173/node_modules/.vite/deps/react-dom_client.js?v=ebaeb291:13302:13)
    at exports.useState (http://localhost:5173/node_modules/.vite/deps/react-BDWiK9rz.js?v=1f9fc9a2:779:31)
    at useAsyncData (http://localhost:5173/src/hooks/useAsyncData.ts?t=1777711223235:7:28)
    at TemplatesPage (http://localhost:5173/src/modules/templates/TemplatesPage.tsx?t=1777711223235:18:43)
    at Object.react_stack_bottom_frame (http://localhost:5173/node_modules/.vite/deps/react-dom_client.js?v=ebaeb291:12867:12)
    at renderWithHooks (http://localhost:5173/node_modules/.vite/deps/react-dom_client.js?v=ebaeb291:4212:19)
    at updateFunctionComponent (http://localhost:5173/node_modules/.vite/deps/react-dom_client.js?v=ebaeb291:5568:16)
    at beginWork (http://localhost:5173/node_modules/.vite/deps/react-dom_client.js?v=ebaeb291:6139:20)

The above error occurred in the <TemplatesPage> component.

React will try to recreate this component tree from scratch using the error boundary you provided, ErrorBoundary.

[2m11:40:23 AM[22m [31m[1m[vite][22m[39m [31m[2m(client)[22m[39m [2m[console.error] [22mUnhandled Ecosys ServiceOps error Error: Should have a queue. You are likely calling Hooks conditionally, which is not allowed. (https://react.dev/link/invalid-hook-call)
    at updateReducerImpl (http://localhost:5173/node_modules/.vite/deps/react-dom_client.js?v=ebaeb291:4421:30)
    at updateReducer (http://localhost:5173/node_modules/.vite/deps/react-dom_client.js?v=ebaeb291:4417:11)
    at Object.useState (http://localhost:5173/node_modules/.vite/deps/react-dom_client.js?v=ebaeb291:13302:13)
    at exports.useState (http://localhost:5173/node_modules/.vite/deps/react-BDWiK9rz.js?v=1f9fc9a2:779:31)
    at useAsyncData (http://localhost:5173/src/hooks/useAsyncData.ts?t=1777711223235:7:28)
    at TemplatesPage (http://localhost:5173/src/modules/templates/TemplatesPage.tsx?t=1777711223235:18:43)
    at Object.react_stack_bottom_frame (http://localhost:5173/node_modules/.vite/deps/react-dom_client.js?v=ebaeb291:12867:12)
    at renderWithHooks (http://localhost:5173/node_modules/.vite/deps/react-dom_client.js?v=ebaeb291:4212:19)
    at updateFunctionComponent (http://localhost:5173/node_modules/.vite/deps/react-dom_client.js?v=ebaeb291:5568:16)
    at beginWork (http://localhost:5173/node_modules/.vite/deps/react-dom_client.js?v=ebaeb291:6139:20) {"componentStack":"\n    at TemplatesPage (http://localhost:5173/src/modules/templates/TemplatesPage.tsx?t=1777711223235:15:24)\n    at RenderedRoute (http://localhost:5173/node_modules/.vite/deps/react-router-dom.js?v=7b6b1cb1:4011:26)\n    at Outlet (http://localhost:5173/node_modules/.vite/deps/react-router-dom.js?v=7b6b1cb1:4589:25)\n    at TenantOnlyRoute (http://localhost:5173/src/App.tsx?t=1777709751465:236:31)\n    at RenderedRoute (http://localhost:5173/node_modules/.vite/deps/react-router-dom.js?v=7b6b1cb1:4011:26)\n    at Outlet (http://localhost:5173/node_modules/.vite/deps/react-router-dom.js?v=7b6b1cb1:4589:25)\n    at div (<anonymous>)\n    at main (<anonymous>)\n    at div (<anonymous>)\n    at div (<anonymous>)\n    at div (<anonymous>)\n    at AppShell (http://localhost:5173/src/components/layout/AppShell.tsx?t=1777709751465:11:28)\n    at AuthenticatedShell (http://localhost:5173/src/App.tsx?t=1777709751465:371:31)\n    at RenderedRoute (http://localhost:5173/node_modules/.vite/deps/react-router-dom.js?v=7b6b1cb1:4011:26)\n    at Outlet (http://localhost:5173/node_modules/.vite/deps/react-router-dom.js?v=7b6b1cb1:4589:25)\n    at ErrorBoundary (http://localhost:5173/src/components/ErrorBoundary.tsx:6:8)\n    at AuthenticatedRouteBoundary (<anonymous>)\n    at RenderedRoute (http://localhost:5173/node_modules/.vite/deps/react-router-dom.js?v=7b6b1cb1:4011:26)\n    at Outlet (http://localhost:5173/node_modules/.vite/deps/react-router-dom.js?v=7b6b1cb1:4589:25)\n    at RequireAuth (http://localhost:5173/src/auth/RequireAuth.tsx:8:31)\n    at RenderedRoute (http://localhost:5173/node_modules/.vite/deps/react-router-dom.js?v=7b6b1cb1:4011:26)\n    at Routes (http://localhost:5173/node_modules/.vite/deps/react-router-dom.js?v=7b6b1cb1:4642:19)\n    at Suspense (<anonymous>)\n    at AppRoutes (<anonymous>)\n    at Router (http://localhost:5173/node_modules/.vite/deps/react-router-dom.js?v=7b6b1cb1:4594:29)\n    at BrowserRouter (http://localhost:5173/node_modules/.vite/deps/react-router-dom.js?v=7b6b1cb1:7019:26)\n    at AuthProvider (http://localhost:5173/src/auth/AuthContext.tsx:85:32)\n    at ToastProvider (http://localhost:5173/src/components/ui/ToastProvider.tsx:9:33)\n    at ThemeProvider (http://localhost:5173/src/context/ThemeContext.tsx?t=1777709601985:16:33)\n    at App (<anonymous>)"}
[2m11:40:31 AM[22m [31m[1m[vite][22m[39m [31m[2m(client)[22m[39m [31m[Unhandled error] [1mError[22m: useAuth must be used inside AuthProvider
[39m > useAuth src/auth/AuthContext.tsx:233:10
    231 |    const context = useContext(AuthContext)
    232 |    if (!context) {
    233 |      throw new Error('useAuth must be used inside AuthProvider')
        |            ^
    234 |    }
    235 |    return context
 > RequireAuth src/auth/RequireAuth.tsx:11:48
 > Object.react_stack_bottom_frame node_modules/react-dom/cjs/react-dom-client.development.js:25904:19
 > renderWithHooks node_modules/react-dom/cjs/react-dom-client.development.js:7662:21
 > updateFunctionComponent node_modules/react-dom/cjs/react-dom-client.development.js:10166:18
 > beginWork node_modules/react-dom/cjs/react-dom-client.development.js:11778:17
 > runWithFiberInDEV node_modules/react-dom/cjs/react-dom-client.development.js:871:29
 > performUnitOfWork node_modules/react-dom/cjs/react-dom-client.development.js:17641:21
 > workLoopSync node_modules/react-dom/cjs/react-dom-client.development.js:17469:40
 > renderRootSync node_modules/react-dom/cjs/react-dom-client.development.js:17450:10

[2m11:40:31 AM[22m [33m[1m[vite][22m[39m [33m[2m(client)[22m[39m [2m[console.warn] [22mAn error occurred in the <RequireAuth> component.

Consider adding an error boundary to your tree to customize error handling behavior.
Visit https://react.dev/link/error-boundaries to learn more about error boundaries.

[2m11:42:55 AM[22m [31m[1m[vite][22m[39m [31m[2m(client)[22m[39m Pre-transform error: Failed to load url /src/pages/settings/routes.tsx (resolved id: C:/ecosys/ecosys-serviceops-frontend/src/pages/settings/routes.tsx) in C:/ecosys/ecosys-serviceops-frontend/src/App.tsx. Does the file exist?
[2m11:42:55 AM[22m [31m[1m[vite][22m[39m [31m[2m(client)[22m[39m Pre-transform error: Failed to load url /src/pages/settings/routes.tsx (resolved id: C:/ecosys/ecosys-serviceops-frontend/src/pages/settings/routes.tsx) in C:/ecosys/ecosys-serviceops-frontend/src/App.tsx. Does the file exist?
[2m11:42:56 AM[22m [31m[1m[vite][22m[39m [31m[2m(client)[22m[39m [2m[console.error] [22m[vite] Failed to reload /src/App.tsx. This could be due to syntax errors or importing non-existent modules. (see errors above)
[2m11:42:56 AM[22m [31m[1m[vite][22m[39m [31m[2m(client)[22m[39m [2m[console.error] [22m[vite] Failed to reload /src/pages/settings/SettingsLayout.tsx. This could be due to syntax errors or importing non-existent modules. (see errors above)
[2m11:43:22 AM[22m [31m[1m[vite][22m[39m [31m[2m(client)[22m[39m [31m[Unhandled error] [1mSyntaxError[22m: The requested module '/src/pages/settings/routes.tsx?t=1777711401365' does not provide an export named 'settingsNavigation'
[39m
