
> ecosys-serviceops-frontend@0.0.0 dev
> vite

[2m10:57:32 AM[22m [36m[1m[vite][22m[39m [90m[2m(client)[22m[39m Re-optimizing dependencies because vite config has changed

  [32m[1mVITE[22m v8.0.10[39m  [2mready in [0m[1m978[22m[2m[0m ms[22m

  [32m➜[39m  [1mLocal[22m:   [36mhttp://127.0.0.1:[1m5173[22m/[39m
[2m10:57:33 AM[22m [36m[1m[vite][22m[39m [90m[2m(client)[22m[39m [optimizer] scanning dependencies...
[2m10:57:36 AM[22m [36m[1m[vite][22m[39m [90m[2m(client)[22m[39m [optimizer] bundling dependencies...
[2m11:01:13 AM[22m [36m[1m[vite][22m[39m [90m[2m(client)[22m[39m [32mhmr update [39m[2m/src/App.tsx, /src/index.css[22m
[2m11:01:17 AM[22m [36m[1m[vite][22m[39m [90m[2m(client)[22m[39m [32mhmr update [39m[2m/src/components/layout/AppShell.tsx, /src/index.css[22m
[2m11:01:17 AM[22m [36m[1m[vite][22m[39m [90m[2m(client)[22m[39m [33mhmr invalidate [39m[2m/src/components/layout/AppShell.tsx[22m Could not Fast Refresh ("useShellContext" export is incompatible). Learn more at https://github.com/vitejs/vite-plugin-react/tree/main/packages/plugin-react#consistent-components-exports
[2m11:01:17 AM[22m [36m[1m[vite][22m[39m [90m[2m(client)[22m[39m [32mhmr update [39m[2m/src/App.tsx, /src/modules/dashboard/DashboardPage.tsx[22m
[2m11:05:48 AM[22m [36m[1m[vite][22m[39m [90m[2m(client)[22m[39m [32mpage reload [39m[2msrc/main.tsx[22m
[2m11:13:14 AM[22m [36m[1m[vite][22m[39m [90m[2m(client)[22m[39m [32mhmr update [39m[2m/src/index.css, /src/modules/settings/BranchesPage.tsx, /src/modules/settings/AdvancedSettingsPages.tsx, /src/modules/settings/PermissionsPage.tsx, /src/modules/settings/UsersPage.tsx, /src/modules/dashboard/DashboardPage.tsx, /src/modules/work-orders/WorkOrdersPage.tsx, /src/modules/clients/ClientsPage.tsx, /src/modules/assets/AssetsPage.tsx, /src/modules/materials/MaterialsPage.tsx, /src/modules/preventive-maintenance/PreventiveMaintenancePage.tsx, /src/modules/templates/TemplatesPage.tsx[22m
[2m11:13:21 AM[22m [36m[1m[vite][22m[39m [90m[2m(client)[22m[39m [32mhmr update [39m[2m/src/context/ThemeContext.tsx, /src/index.css[22m
[2m11:13:22 AM[22m [36m[1m[vite][22m[39m [90m[2m(client)[22m[39m [33mhmr invalidate [39m[2m/src/context/ThemeContext.tsx[22m Could not Fast Refresh ("useThemeMode" export is incompatible). Learn more at https://github.com/vitejs/vite-plugin-react/tree/main/packages/plugin-react#consistent-components-exports
[2m11:13:22 AM[22m [36m[1m[vite][22m[39m [90m[2m(client)[22m[39m [32mhmr update [39m[2m/src/App.tsx, /src/components/ui/ThemeToggle.tsx[22m
[2m11:13:29 AM[22m [36m[1m[vite][22m[39m [90m[2m(client)[22m[39m [32mhmr update [39m[2m/src/index.css[22m
[2m11:13:41 AM[22m [36m[1m[vite][22m[39m [90m[2m(client)[22m[39m [32mhmr update [39m[2m/src/index.css, /src/components/layout/Sidebar.tsx[22m
[2m11:14:07 AM[22m [36m[1m[vite][22m[39m [90m[2m(client)[22m[39m [32mhmr update [39m[2m/src/index.css, /src/components/layout/Topbar.tsx[22m
[2m11:14:30 AM[22m [36m[1m[vite][22m[39m [90m[2m(client)[22m[39m [32mhmr update [39m[2m/src/components/layout/AppShell.tsx, /src/index.css[22m
[2m11:14:30 AM[22m [36m[1m[vite][22m[39m [90m[2m(client)[22m[39m [33mhmr invalidate [39m[2m/src/components/layout/AppShell.tsx[22m Could not Fast Refresh ("useShellContext" export is incompatible). Learn more at https://github.com/vitejs/vite-plugin-react/tree/main/packages/plugin-react#consistent-components-exports
[2m11:14:30 AM[22m [36m[1m[vite][22m[39m [90m[2m(client)[22m[39m [32mhmr update [39m[2m/src/App.tsx, /src/modules/dashboard/DashboardPage.tsx, /src/modules/work-orders/WorkOrdersPage.tsx, /src/modules/assets/AssetsPage.tsx, /src/modules/materials/MaterialsPage.tsx, /src/modules/preventive-maintenance/PreventiveMaintenancePage.tsx[22m
[2m11:14:49 AM[22m [36m[1m[vite][22m[39m [90m[2m(client)[22m[39m [32mhmr update [39m[2m/src/index.css, /src/components/ui/DataTable.tsx[22m
[2m11:15:09 AM[22m [36m[1m[vite][22m[39m [90m[2m(client)[22m[39m [32mhmr update [39m[2m/src/modules/dashboard/DashboardPage.tsx, /src/index.css[22m
[2m11:15:29 AM[22m [36m[1m[vite][22m[39m [90m[2m(client)[22m[39m [32mhmr update [39m[2m/src/index.css, /src/components/layout/Sidebar.tsx[22m
[2m11:15:38 AM[22m [36m[1m[vite][22m[39m [90m[2m(client)[22m[39m [32mhmr update [39m[2m/src/index.css, /src/components/layout/Topbar.tsx[22m
[2m11:15:51 AM[22m [36m[1m[vite][22m[39m [90m[2m(client)[22m[39m [32mhmr update [39m[2m/src/components/layout/AppShell.tsx, /src/index.css[22m
[2m11:15:51 AM[22m [36m[1m[vite][22m[39m [90m[2m(client)[22m[39m [33mhmr invalidate [39m[2m/src/components/layout/AppShell.tsx[22m Could not Fast Refresh ("useShellContext" export is incompatible). Learn more at https://github.com/vitejs/vite-plugin-react/tree/main/packages/plugin-react#consistent-components-exports
[2m11:15:51 AM[22m [36m[1m[vite][22m[39m [90m[2m(client)[22m[39m [32mhmr update [39m[2m/src/App.tsx, /src/modules/dashboard/DashboardPage.tsx, /src/modules/work-orders/WorkOrdersPage.tsx, /src/modules/assets/AssetsPage.tsx, /src/modules/materials/MaterialsPage.tsx, /src/modules/preventive-maintenance/PreventiveMaintenancePage.tsx[22m
[2m11:40:23 AM[22m [36m[1m[vite][22m[39m [90m[2m(client)[22m[39m [32mhmr update [39m[2m/src/index.css, /src/modules/settings/BranchesPage.tsx, /src/modules/settings/AdvancedSettingsPages.tsx, /src/modules/settings/PermissionsPage.tsx, /src/modules/settings/UsersPage.tsx, /src/modules/dashboard/DashboardPage.tsx, /src/modules/work-orders/WorkOrdersPage.tsx, /src/modules/clients/ClientsPage.tsx, /src/modules/assets/AssetsPage.tsx, /src/modules/materials/MaterialsPage.tsx, /src/modules/preventive-maintenance/PreventiveMaintenancePage.tsx, /src/modules/templates/TemplatesPage.tsx[22m
[2m11:40:30 AM[22m [36m[1m[vite][22m[39m [90m[2m(client)[22m[39m [32mhmr update [39m[2m/src/index.css, /src/auth/AuthContext.tsx, /src/components/ErrorBoundary.tsx, /src/components/layout/AppShell.tsx, /src/modules/settings/AdvancedSettingsPages.tsx, /src/modules/settings/BranchesPage.tsx, /src/modules/work-orders/WorkOrdersPage.tsx, /src/modules/assets/AssetsPage.tsx, /src/modules/preventive-maintenance/PreventiveMaintenancePage.tsx, /src/modules/dashboard/DashboardPage.tsx, /src/modules/settings/UsersPage.tsx, /src/modules/settings/PermissionsPage.tsx and 3 more[22m
[2m11:40:31 AM[22m [36m[1m[vite][22m[39m [90m[2m(client)[22m[39m [33mhmr invalidate [39m[2m/src/auth/AuthContext.tsx[22m Could not Fast Refresh ("useAuth" export is incompatible). Learn more at https://github.com/vitejs/vite-plugin-react/tree/main/packages/plugin-react#consistent-components-exports
[2m11:40:31 AM[22m [36m[1m[vite][22m[39m [90m[2m(client)[22m[39m [32mhmr update [39m[2m/src/App.tsx, /src/auth/RequireAuth.tsx, /src/components/layout/AppShell.tsx, /src/routes/GuestRoute.tsx, /src/modules/settings/PermissionsPage.tsx, /src/pages/settings/SettingsDetailPages.tsx, /src/modules/auth/LoginPage.tsx, /src/modules/auth/SignupPage.tsx, /src/modules/reports/ReportsPage.tsx[22m
[2m11:40:31 AM[22m [36m[1m[vite][22m[39m [90m[2m(client)[22m[39m [33mhmr invalidate [39m[2m/src/components/layout/AppShell.tsx[22m Could not Fast Refresh ("useShellContext" export is incompatible). Learn more at https://github.com/vitejs/vite-plugin-react/tree/main/packages/plugin-react#consistent-components-exports
[2m11:40:31 AM[22m [36m[1m[vite][22m[39m [90m[2m(client)[22m[39m [32mhmr update [39m[2m/src/App.tsx, /src/modules/dashboard/DashboardPage.tsx, /src/modules/work-orders/WorkOrdersPage.tsx, /src/modules/assets/AssetsPage.tsx, /src/modules/materials/MaterialsPage.tsx, /src/modules/preventive-maintenance/PreventiveMaintenancePage.tsx[22m
[2m11:40:49 AM[22m [36m[1m[vite][22m[39m [90m[2m(client)[22m[39m [32mhmr update [39m[2m/src/index.css[22m
[2m11:41:05 AM[22m [36m[1m[vite][22m[39m [90m[2m(client)[22m[39m [32mhmr update [39m[2m/src/index.css, /src/components/ui/Drawer.tsx[22m
[2m11:41:10 AM[22m [36m[1m[vite][22m[39m [90m[2m(client)[22m[39m [32mhmr update [39m[2m/src/index.css, /src/components/ui/DataTable.tsx[22m
[2m11:41:13 AM[22m [36m[1m[vite][22m[39m [90m[2m(client)[22m[39m [32mhmr update [39m[2m/src/components/ErrorBoundary.tsx, /src/index.css[22m
[2m11:41:19 AM[22m [36m[1m[vite][22m[39m [90m[2m(client)[22m[39m [32mhmr update [39m[2m/src/index.css, /src/components/layout/Sidebar.tsx[22m
[2m11:41:31 AM[22m [36m[1m[vite][22m[39m [90m[2m(client)[22m[39m [32mhmr update [39m[2m/src/components/layout/AppShell.tsx, /src/index.css[22m
[2m11:41:31 AM[22m [36m[1m[vite][22m[39m [90m[2m(client)[22m[39m [33mhmr invalidate [39m[2m/src/components/layout/AppShell.tsx[22m Could not Fast Refresh ("useShellContext" export is incompatible). Learn more at https://github.com/vitejs/vite-plugin-react/tree/main/packages/plugin-react#consistent-components-exports
[2m11:41:31 AM[22m [36m[1m[vite][22m[39m [90m[2m(client)[22m[39m [32mhmr update [39m[2m/src/App.tsx, /src/modules/dashboard/DashboardPage.tsx, /src/modules/work-orders/WorkOrdersPage.tsx, /src/modules/assets/AssetsPage.tsx, /src/modules/materials/MaterialsPage.tsx, /src/modules/preventive-maintenance/PreventiveMaintenancePage.tsx[22m
[2m11:41:41 AM[22m [36m[1m[vite][22m[39m [90m[2m(client)[22m[39m [32mhmr update [39m[2m/src/index.css[22m
[2m11:42:02 AM[22m [36m[1m[vite][22m[39m [90m[2m(client)[22m[39m [32mhmr update [39m[2m/src/index.css, /src/auth/AuthContext.tsx, /src/components/layout/AppShell.tsx, /src/modules/settings/AdvancedSettingsPages.tsx, /src/modules/settings/BranchesPage.tsx, /src/modules/work-orders/WorkOrdersPage.tsx, /src/modules/assets/AssetsPage.tsx, /src/modules/preventive-maintenance/PreventiveMaintenancePage.tsx, /src/modules/dashboard/DashboardPage.tsx, /src/modules/settings/UsersPage.tsx, /src/modules/settings/PermissionsPage.tsx, /src/modules/materials/MaterialsPage.tsx and 2 more[22m
[2m11:42:03 AM[22m [36m[1m[vite][22m[39m [90m[2m(client)[22m[39m [33mhmr invalidate [39m[2m/src/auth/AuthContext.tsx[22m Could not Fast Refresh ("useAuth" export is incompatible). Learn more at https://github.com/vitejs/vite-plugin-react/tree/main/packages/plugin-react#consistent-components-exports
[2m11:42:03 AM[22m [36m[1m[vite][22m[39m [90m[2m(client)[22m[39m [32mhmr update [39m[2m/src/App.tsx, /src/auth/RequireAuth.tsx, /src/components/layout/AppShell.tsx, /src/routes/GuestRoute.tsx, /src/modules/settings/PermissionsPage.tsx, /src/pages/settings/SettingsDetailPages.tsx, /src/modules/auth/LoginPage.tsx, /src/modules/auth/SignupPage.tsx, /src/modules/reports/ReportsPage.tsx[22m
[2m11:42:03 AM[22m [36m[1m[vite][22m[39m [90m[2m(client)[22m[39m [33mhmr invalidate [39m[2m/src/components/layout/AppShell.tsx[22m Could not Fast Refresh ("useShellContext" export is incompatible). Learn more at https://github.com/vitejs/vite-plugin-react/tree/main/packages/plugin-react#consistent-components-exports
[2m11:42:03 AM[22m [36m[1m[vite][22m[39m [90m[2m(client)[22m[39m [32mhmr update [39m[2m/src/App.tsx, /src/modules/dashboard/DashboardPage.tsx, /src/modules/work-orders/WorkOrdersPage.tsx, /src/modules/assets/AssetsPage.tsx, /src/modules/materials/MaterialsPage.tsx, /src/modules/preventive-maintenance/PreventiveMaintenancePage.tsx[22m
[2m11:42:39 AM[22m [36m[1m[vite][22m[39m [90m[2m(client)[22m[39m [32mhmr update [39m[2m/src/modules/dashboard/DashboardPage.tsx, /src/index.css[22m
[2m11:42:48 AM[22m [36m[1m[vite][22m[39m [90m[2m(client)[22m[39m [32mhmr update [39m[2m/src/index.css[22m
[2m11:42:55 AM[22m [36m[1m[vite][22m[39m [90m[2m(client)[22m[39m [32mhmr update [39m[2m/src/App.tsx, /src/pages/settings/SettingsLayout.tsx, /src/index.css[22m
[2m11:43:21 AM[22m [36m[1m[vite][22m[39m [90m[2m(client)[22m[39m [32mpage reload [39m[2msrc/pages/settings/routes.tsx[22m
[2m11:43:26 AM[22m [36m[1m[vite][22m[39m [90m[2m(client)[22m[39m [32mhmr update [39m[2m/src/pages/settings/SettingsLayout.tsx, /src/index.css[22m
[2m11:43:54 AM[22m [36m[1m[vite][22m[39m [90m[2m(client)[22m[39m [32mhmr update [39m[2m/src/pages/settings/SettingsLayout.tsx, /src/index.css[22m
[2m11:44:04 AM[22m [36m[1m[vite][22m[39m [90m[2m(client)[22m[39m [32mhmr update [39m[2m/src/index.css[22m
[2m11:44:12 AM[22m [36m[1m[vite][22m[39m [90m[2m(client)[22m[39m [32mhmr update [39m[2m/src/App.tsx, /src/index.css[22m
[2m11:44:20 AM[22m [36m[1m[vite][22m[39m [90m[2m(client)[22m[39m [32mpage reload [39m[2msrc/pages/settings/routes.tsx[22m
[2m11:44:53 AM[22m [36m[1m[vite][22m[39m [90m[2m(client)[22m[39m [32mhmr update [39m[2m/src/pages/settings/SettingsLayout.tsx, /src/index.css[22m
[2m11:46:27 AM[22m [36m[1m[vite][22m[39m [90m[2m(client)[22m[39m [32mhmr update [39m[2m/src/App.tsx, /src/pages/settings/SettingsLayout.tsx, /src/index.css[22m
